#
# There is insufficient memory for the Java Runtime Environment to continue.
# Native memory allocation (malloc) failed to allocate 2555904 bytes for committing reserved memory.
# Possible reasons:
#   The system is out of physical RAM or swap space
#   In 32 bit mode, the process size limit was hit
# Possible solutions:
#   Reduce memory load on the system
#   Increase physical memory or swap space
#   Check if swap backing store is full
#   Use 64 bit Java on a 64 bit OS
#   Decrease Java heap size (-Xmx/-Xms)
#   Decrease number of Java threads
#   Decrease Java thread stack sizes (-Xss)
#   Set larger code cache with -XX:ReservedCodeCacheSize=
# This output file may be truncated or incomplete.
#
#  Out of Memory Error (os_linux.cpp:2827), pid=18666, tid=140363708249856
#
# JRE version:  (7.0_85-b01) (build )
# Java VM: OpenJDK 64-Bit Server VM (24.85-b03 mixed mode linux-amd64 compressed oops)
# Derivative: IcedTea 2.6.1
# Distribution: Ubuntu 14.04 LTS, package 7u85-2.6.1-5ubuntu0.14.04.1
# Failed to write core dump. Core dumps have been disabled. To enable core dumping, try "ulimit -c unlimited" before starting Java again
#

---------------  T H R E A D  ---------------

Current thread (0x00007fa8f400a800):  JavaThread "Unknown thread" [_thread_in_vm, id=18680, stack(0x00007fa8f8d83000,0x00007fa8f8f84000)]

Stack: [0x00007fa8f8d83000,0x00007fa8f8f84000],  sp=0x00007fa8f8f82860,  free space=2046k
Native frames: (J=compiled Java code, j=interpreted, Vv=VM code, C=native code)
V  [libjvm.so+0x953d45]  VMError::report_and_die()+0x175
V  [libjvm.so+0x48fd24]  report_vm_out_of_memory(char const*, int, unsigned long, char const*)+0x74
V  [libjvm.so+0x7cf91b]  os::pd_commit_memory(char*, unsigned long, unsigned long, bool)+0xeb
V  [libjvm.so+0x7ca3df]  os::commit_memory(char*, unsigned long, unsigned long, bool)+0x1f
V  [libjvm.so+0x950c34]  VirtualSpace::expand_by(unsigned long, bool)+0x1c4
V  [libjvm.so+0x580d98]  CodeHeap::reserve(unsigned long, unsigned long, unsigned long)+0x128
V  [libjvm.so+0x423d70]  codeCache_init()+0x80
V  [libjvm.so+0x5a2d4c]  init_globals()+0x3c
V  [libjvm.so+0x90a50f]  Threads::create_vm(JavaVMInitArgs*, bool*)+0x35f
V  [libjvm.so+0x60e914]  JNI_CreateJavaVM+0x54
C  [libjli.so+0x2b48]


---------------  P R O C E S S  ---------------

Java Threads: ( => current thread )

Other Threads:

=>0x00007fa8f400a800 (exited) JavaThread "Unknown thread" [_thread_in_vm, id=18680, stack(0x00007fa8f8d83000,0x00007fa8f8f84000)]

VM state:not at safepoint (not fully initialized)

VM Mutex/Monitor currently owned by a thread: None

Deoptimization events (0 events):
No events

Internal exceptions (0 events):
No events

Events (0 events):
No events


Dynamic libraries:
00400000-00401000 r-xp 00000000 ca:01 43654                              /usr/lib/jvm/java-7-openjdk-amd64/jre/bin/java
00600000-00601000 r--p 00000000 ca:01 43654                              /usr/lib/jvm/java-7-openjdk-amd64/jre/bin/java
00601000-00602000 rw-p 00001000 ca:01 43654                              /usr/lib/jvm/java-7-openjdk-amd64/jre/bin/java
0111d000-0113e000 rw-p 00000000 00:00 0                                  [heap]
7fa8f0cfa000-7fa8f0e5b000 rw-p 00000000 00:00 0 
7fa8f0e5b000-7fa8f3beb000 rw-p 00000000 00:00 0 
7fa8f3beb000-7fa8f3bf3000 r-xp 00000000 ca:01 43688                      /usr/lib/jvm/java-7-openjdk-amd64/jre/lib/amd64/libzip.so
7fa8f3bf3000-7fa8f3df2000 ---p 00008000 ca:01 43688                      /usr/lib/jvm/java-7-openjdk-amd64/jre/lib/amd64/libzip.so
7fa8f3df2000-7fa8f3df3000 r--p 00007000 ca:01 43688                      /usr/lib/jvm/java-7-openjdk-amd64/jre/lib/amd64/libzip.so
7fa8f3df3000-7fa8f3df4000 rw-p 00008000 ca:01 43688                      /usr/lib/jvm/java-7-openjdk-amd64/jre/lib/amd64/libzip.so
7fa8f3df4000-7fa8f3dff000 r-xp 00000000 ca:01 396074                     /lib/x86_64-linux-gnu/libnss_files-2.19.so
7fa8f3dff000-7fa8f3ffe000 ---p 0000b000 ca:01 396074                     /lib/x86_64-linux-gnu/libnss_files-2.19.so
7fa8f3ffe000-7fa8f3fff000 r--p 0000a000 ca:01 396074                     /lib/x86_64-linux-gnu/libnss_files-2.19.so
7fa8f3fff000-7fa8f4000000 rw-p 0000b000 ca:01 396074                     /lib/x86_64-linux-gnu/libnss_files-2.19.so
7fa8f4000000-7fa8f4021000 rw-p 00000000 00:00 0 
7fa8f4021000-7fa8f8000000 ---p 00000000 00:00 0 
7fa8f810b000-7fa8f8116000 r-xp 00000000 ca:01 396076                     /lib/x86_64-linux-gnu/libnss_nis-2.19.so
7fa8f8116000-7fa8f8315000 ---p 0000b000 ca:01 396076                     /lib/x86_64-linux-gnu/libnss_nis-2.19.so
7fa8f8315000-7fa8f8316000 r--p 0000a000 ca:01 396076                     /lib/x86_64-linux-gnu/libnss_nis-2.19.so
7fa8f8316000-7fa8f8317000 rw-p 0000b000 ca:01 396076                     /lib/x86_64-linux-gnu/libnss_nis-2.19.so
7fa8f8317000-7fa8f832e000 r-xp 00000000 ca:01 396071                     /lib/x86_64-linux-gnu/libnsl-2.19.so
7fa8f832e000-7fa8f852d000 ---p 00017000 ca:01 396071                     /lib/x86_64-linux-gnu/libnsl-2.19.so
7fa8f852d000-7fa8f852e000 r--p 00016000 ca:01 396071                     /lib/x86_64-linux-gnu/libnsl-2.19.so
7fa8f852e000-7fa8f852f000 rw-p 00017000 ca:01 396071                     /lib/x86_64-linux-gnu/libnsl-2.19.so
7fa8f852f000-7fa8f8531000 rw-p 00000000 00:00 0 
7fa8f8531000-7fa8f853a000 r-xp 00000000 ca:01 396072                     /lib/x86_64-linux-gnu/libnss_compat-2.19.so
7fa8f853a000-7fa8f8739000 ---p 00009000 ca:01 396072                     /lib/x86_64-linux-gnu/libnss_compat-2.19.so
7fa8f8739000-7fa8f873a000 r--p 00008000 ca:01 396072                     /lib/x86_64-linux-gnu/libnss_compat-2.19.so
7fa8f873a000-7fa8f873b000 rw-p 00009000 ca:01 396072                     /lib/x86_64-linux-gnu/libnss_compat-2.19.so
7fa8f873b000-7fa8f8766000 r-xp 00000000 ca:01 43696                      /usr/lib/jvm/java-7-openjdk-amd64/jre/lib/amd64/libjava.so
7fa8f8766000-7fa8f8966000 ---p 0002b000 ca:01 43696                      /usr/lib/jvm/java-7-openjdk-amd64/jre/lib/amd64/libjava.so
7fa8f8966000-7fa8f8967000 r--p 0002b000 ca:01 43696                      /usr/lib/jvm/java-7-openjdk-amd64/jre/lib/amd64/libjava.so
7fa8f8967000-7fa8f8969000 rw-p 0002c000 ca:01 43696                      /usr/lib/jvm/java-7-openjdk-amd64/jre/lib/amd64/libjava.so
7fa8f8969000-7fa8f8979000 r-xp 00000000 ca:01 43712                      /usr/lib/jvm/java-7-openjdk-amd64/jre/lib/amd64/libverify.so
7fa8f8979000-7fa8f8b78000 ---p 00010000 ca:01 43712                      /usr/lib/jvm/java-7-openjdk-amd64/jre/lib/amd64/libverify.so
7fa8f8b78000-7fa8f8b7a000 r--p 0000f000 ca:01 43712                      /usr/lib/jvm/java-7-openjdk-amd64/jre/lib/amd64/libverify.so
7fa8f8b7a000-7fa8f8b7b000 rw-p 00011000 ca:01 43712                      /usr/lib/jvm/java-7-openjdk-amd64/jre/lib/amd64/libverify.so
7fa8f8b7b000-7fa8f8b82000 r-xp 00000000 ca:01 396096                     /lib/x86_64-linux-gnu/librt-2.19.so
7fa8f8b82000-7fa8f8d81000 ---p 00007000 ca:01 396096                     /lib/x86_64-linux-gnu/librt-2.19.so
7fa8f8d81000-7fa8f8d82000 r--p 00006000 ca:01 396096                     /lib/x86_64-linux-gnu/librt-2.19.so
7fa8f8d82000-7fa8f8d83000 rw-p 00007000 ca:01 396096                     /lib/x86_64-linux-gnu/librt-2.19.so
7fa8f8d83000-7fa8f8d86000 ---p 00000000 00:00 0 
7fa8f8d86000-7fa8f8f84000 rw-p 00000000 00:00 0                          [stack:18680]
7fa8f8f84000-7fa8f8f9a000 r-xp 00000000 ca:01 396054                     /lib/x86_64-linux-gnu/libgcc_s.so.1
7fa8f8f9a000-7fa8f9199000 ---p 00016000 ca:01 396054                     /lib/x86_64-linux-gnu/libgcc_s.so.1
7fa8f9199000-7fa8f919a000 rw-p 00015000 ca:01 396054                     /lib/x86_64-linux-gnu/libgcc_s.so.1
7fa8f919a000-7fa8f929f000 r-xp 00000000 ca:01 396063                     /lib/x86_64-linux-gnu/libm-2.19.so
7fa8f929f000-7fa8f949e000 ---p 00105000 ca:01 396063                     /lib/x86_64-linux-gnu/libm-2.19.so
7fa8f949e000-7fa8f949f000 r--p 00104000 ca:01 396063                     /lib/x86_64-linux-gnu/libm-2.19.so
7fa8f949f000-7fa8f94a0000 rw-p 00105000 ca:01 396063                     /lib/x86_64-linux-gnu/libm-2.19.so
7fa8f94a0000-7fa8f9586000 r-xp 00000000 ca:01 26656                      /usr/lib/x86_64-linux-gnu/libstdc++.so.6.0.19
7fa8f9586000-7fa8f9785000 ---p 000e6000 ca:01 26656                      /usr/lib/x86_64-linux-gnu/libstdc++.so.6.0.19
7fa8f9785000-7fa8f978d000 r--p 000e5000 ca:01 26656                      /usr/lib/x86_64-linux-gnu/libstdc++.so.6.0.19
7fa8f978d000-7fa8f978f000 rw-p 000ed000 ca:01 26656                      /usr/lib/x86_64-linux-gnu/libstdc++.so.6.0.19
7fa8f978f000-7fa8f97a4000 rw-p 00000000 00:00 0 
7fa8f97a4000-7fa8fa2c8000 r-xp 00000000 ca:01 43703                      /usr/lib/jvm/java-7-openjdk-amd64/jre/lib/amd64/server/libjvm.so
7fa8fa2c8000-7fa8fa4c7000 ---p 00b24000 ca:01 43703                      /usr/lib/jvm/java-7-openjdk-amd64/jre/lib/amd64/server/libjvm.so
7fa8fa4c7000-7fa8fa561000 r--p 00b23000 ca:01 43703                      /usr/lib/jvm/java-7-openjdk-amd64/jre/lib/amd64/server/libjvm.so
7fa8fa561000-7fa8fa584000 rw-p 00bbd000 ca:01 43703                      /usr/lib/jvm/java-7-openjdk-amd64/jre/lib/amd64/server/libjvm.so
7fa8fa584000-7fa8fa5b2000 rw-p 00000000 00:00 0 
7fa8fa5b2000-7fa8fa5ca000 r-xp 00000000 ca:01 396113                     /lib/x86_64-linux-gnu/libz.so.1.2.8
7fa8fa5ca000-7fa8fa7c9000 ---p 00018000 ca:01 396113                     /lib/x86_64-linux-gnu/libz.so.1.2.8
7fa8fa7c9000-7fa8fa7ca000 r--p 00017000 ca:01 396113                     /lib/x86_64-linux-gnu/libz.so.1.2.8
7fa8fa7ca000-7fa8fa7cb000 rw-p 00018000 ca:01 396113                     /lib/x86_64-linux-gnu/libz.so.1.2.8
7fa8fa7cb000-7fa8fa7e4000 r-xp 00000000 ca:01 396093                     /lib/x86_64-linux-gnu/libpthread-2.19.so
7fa8fa7e4000-7fa8fa9e3000 ---p 00019000 ca:01 396093                     /lib/x86_64-linux-gnu/libpthread-2.19.so
7fa8fa9e3000-7fa8fa9e4000 r--p 00018000 ca:01 396093                     /lib/x86_64-linux-gnu/libpthread-2.19.so
7fa8fa9e4000-7fa8fa9e5000 rw-p 00019000 ca:01 396093                     /lib/x86_64-linux-gnu/libpthread-2.19.so
7fa8fa9e5000-7fa8fa9e9000 rw-p 00000000 00:00 0 
7fa8fa9e9000-7fa8fa9ec000 r-xp 00000000 ca:01 396049                     /lib/x86_64-linux-gnu/libdl-2.19.so
7fa8fa9ec000-7fa8fabeb000 ---p 00003000 ca:01 396049                     /lib/x86_64-linux-gnu/libdl-2.19.so
7fa8fabeb000-7fa8fabec000 r--p 00002000 ca:01 396049                     /lib/x86_64-linux-gnu/libdl-2.19.so
7fa8fabec000-7fa8fabed000 rw-p 00003000 ca:01 396049                     /lib/x86_64-linux-gnu/libdl-2.19.so
7fa8fabed000-7fa8fada8000 r-xp 00000000 ca:01 396040                     /lib/x86_64-linux-gnu/libc-2.19.so
7fa8fada8000-7fa8fafa7000 ---p 001bb000 ca:01 396040                     /lib/x86_64-linux-gnu/libc-2.19.so
7fa8fafa7000-7fa8fafab000 r--p 001ba000 ca:01 396040                     /lib/x86_64-linux-gnu/libc-2.19.so
7fa8fafab000-7fa8fafad000 rw-p 001be000 ca:01 396040                     /lib/x86_64-linux-gnu/libc-2.19.so
7fa8fafad000-7fa8fafb2000 rw-p 00000000 00:00 0 
7fa8fafb2000-7fa8fafbf000 r-xp 00000000 ca:01 43714                      /usr/lib/jvm/java-7-openjdk-amd64/jre/lib/amd64/jli/libjli.so
7fa8fafbf000-7fa8fb1be000 ---p 0000d000 ca:01 43714                      /usr/lib/jvm/java-7-openjdk-amd64/jre/lib/amd64/jli/libjli.so
7fa8fb1be000-7fa8fb1bf000 r--p 0000c000 ca:01 43714                      /usr/lib/jvm/java-7-openjdk-amd64/jre/lib/amd64/jli/libjli.so
7fa8fb1bf000-7fa8fb1c0000 rw-p 0000d000 ca:01 43714                      /usr/lib/jvm/java-7-openjdk-amd64/jre/lib/amd64/jli/libjli.so
7fa8fb1c0000-7fa8fb1e3000 r-xp 00000000 ca:01 396030                     /lib/x86_64-linux-gnu/ld-2.19.so
7fa8fb2f5000-7fa8fb3d6000 rw-p 00000000 00:00 0 
7fa8fb3d6000-7fa8fb3de000 rw-s 00000000 ca:01 50651                      /tmp/hsperfdata_ubuntu/18666
7fa8fb3de000-7fa8fb3df000 rw-p 00000000 00:00 0 
7fa8fb3df000-7fa8fb3e0000 r--p 00000000 00:00 0 
7fa8fb3e0000-7fa8fb3e2000 rw-p 00000000 00:00 0 
7fa8fb3e2000-7fa8fb3e3000 r--p 00022000 ca:01 396030                     /lib/x86_64-linux-gnu/ld-2.19.so
7fa8fb3e3000-7fa8fb3e4000 rw-p 00023000 ca:01 396030                     /lib/x86_64-linux-gnu/ld-2.19.so
7fa8fb3e4000-7fa8fb3e5000 rw-p 00000000 00:00 0 
7ffdc401b000-7ffdc403d000 rw-p 00000000 00:00 0                          [stack]
7ffdc41f6000-7ffdc41f8000 r-xp 00000000 00:00 0                          [vdso]
ffffffffff600000-ffffffffff601000 r-xp 00000000 00:00 0                  [vsyscall]

VM Arguments:
jvm_args: -XX:+UseParNewGC -XX:+UseConcMarkSweepGC -Djava.awt.headless=true -XX:CMSInitiatingOccupancyFraction=75 -XX:+UseCMSInitiatingOccupancyOnly -Xmx500m -Xss2048k -Djffi.boot.library.path=/var/www/logstash/logstash-2.0.0/vendor/jruby/lib/jni -XX:+UseParNewGC -XX:+UseConcMarkSweepGC -Djava.awt.headless=true -XX:CMSInitiatingOccupancyFraction=75 -XX:+UseCMSInitiatingOccupancyOnly -Xbootclasspath/a:/var/www/logstash/logstash-2.0.0/vendor/jruby/lib/jruby.jar -Djruby.home=/var/www/logstash/logstash-2.0.0/vendor/jruby -Djruby.lib=/var/www/logstash/logstash-2.0.0/vendor/jruby/lib -Djruby.script=jruby -Djruby.shell=/bin/sh 
java_command: org.jruby.Main --1.9 /var/www/logstash/logstash-2.0.0/lib/bootstrap/environment.rb logstash/runner.rb agent -f logstash-simple.conf
Launcher Type: SUN_STANDARD

Environment Variables:
PATH=/usr/local/sbin:/usr/local/bin:/usr/sbin:/usr/bin:/sbin:/bin:/usr/games:/usr/local/games
SHELL=/bin/bash

Signal Handlers:
SIGSEGV: [libjvm.so+0x954820], sa_mask[0]=0x7ffbfeff, sa_flags=0x10000004
SIGBUS: [libjvm.so+0x954820], sa_mask[0]=0x7ffbfeff, sa_flags=0x10000004
SIGFPE: [libjvm.so+0x7cb150], sa_mask[0]=0x7ffbfeff, sa_flags=0x10000004
SIGPIPE: [libjvm.so+0x7cb150], sa_mask[0]=0x7ffbfeff, sa_flags=0x10000004
SIGXFSZ: [libjvm.so+0x7cb150], sa_mask[0]=0x7ffbfeff, sa_flags=0x10000004
SIGILL: [libjvm.so+0x7cb150], sa_mask[0]=0x7ffbfeff, sa_flags=0x10000004
SIGUSR1: SIG_DFL, sa_mask[0]=0x00000000, sa_flags=0x00000000
SIGUSR2: [libjvm.so+0x7caff0], sa_mask[0]=0x00000000, sa_flags=0x10000004
SIGHUP: SIG_DFL, sa_mask[0]=0x00000000, sa_flags=0x00000000
SIGINT: SIG_DFL, sa_mask[0]=0x00000000, sa_flags=0x00000000
SIGTERM: SIG_DFL, sa_mask[0]=0x00000000, sa_flags=0x00000000
SIGQUIT: SIG_DFL, sa_mask[0]=0x00000000, sa_flags=0x00000000
SIGTRAP: SIG_DFL, sa_mask[0]=0x00000000, sa_flags=0x00000000


---------------  S Y S T E M  ---------------

OS:Ubuntu 14.04 (trusty)
uname:Linux 3.13.0-67-generic #110-Ubuntu SMP Fri Oct 23 13:24:41 UTC 2015 x86_64
libc:glibc 2.19 NPTL 2.19 
rlimit: STACK 8192k, CORE 0k, NPROC 7859, NOFILE 4096, AS infinity
load average:0.46 0.42 0.31

/proc/meminfo:
MemTotal:        1016328 kB
MemFree:           64700 kB
Buffers:             240 kB
Cached:            17008 kB
SwapCached:            0 kB
Active:           887732 kB
Inactive:          14864 kB
Active(anon):     886408 kB
Inactive(anon):    11024 kB
Active(file):       1324 kB
Inactive(file):     3840 kB
Unevictable:           0 kB
Mlocked:               0 kB
SwapTotal:             0 kB
SwapFree:              0 kB
Dirty:               172 kB
Writeback:             0 kB
AnonPages:        885424 kB
Mapped:            13148 kB
Shmem:             12008 kB
Slab:              23052 kB
SReclaimable:       9832 kB
SUnreclaim:        13220 kB
KernelStack:        2152 kB
PageTables:        10376 kB
NFS_Unstable:          0 kB
Bounce:                0 kB
WritebackTmp:          0 kB
CommitLimit:      508164 kB
Committed_AS:    1664280 kB
VmallocTotal:   34359738367 kB
VmallocUsed:        4856 kB
VmallocChunk:   34359727164 kB
HardwareCorrupted:     0 kB
AnonHugePages:    573440 kB
HugePages_Total:       0
HugePages_Free:        0
HugePages_Rsvd:        0
HugePages_Surp:        0
Hugepagesize:       2048 kB
DirectMap4k:       28672 kB
DirectMap2M:     1150976 kB


CPU:total 1 

/proc/cpuinfo:
processor	: 0
vendor_id	: GenuineIntel
cpu family	: 6
model		: 62
model name	: Intel(R) Xeon(R) CPU E5-2670 v2 @ 2.50GHz
stepping	: 4
microcode	: 0x416
cpu MHz		: 2500.098
cache size	: 25600 KB
physical id	: 0
siblings	: 1
core id		: 0
cpu cores	: 1
apicid		: 0
initial apicid	: 0
fpu		: yes
fpu_exception	: yes
cpuid level	: 13
wp		: yes
flags		: fpu vme de pse tsc msr pae mce cx8 apic sep mtrr pge mca cmov pat pse36 clflush mmx fxsr sse sse2 ht syscall nx rdtscp lm constant_tsc rep_good nopl xtopology eagerfpu pni pclmulqdq ssse3 cx16 pcid sse4_1 sse4_2 x2apic popcnt tsc_deadline_timer aes xsave avx f16c rdrand hypervisor lahf_lm xsaveopt fsgsbase smep erms
bogomips	: 5000.19
clflush size	: 64
cache_alignment	: 64
address sizes	: 46 bits physical, 48 bits virtual
power management:



Memory: 4k page, physical 1016328k(64700k free), swap 0k(0k free)

vm_info: OpenJDK 64-Bit Server VM (24.85-b03) for linux-amd64 JRE (1.7.0_85-b01), built on Oct 22 2015 06:46:50 by "buildd" with gcc 4.8.2

time: Fri Nov 27 07:12:35 2015
elapsed time: 0 seconds

