#
# There is insufficient memory for the Java Runtime Environment to continue.
# Native memory allocation (malloc) failed to allocate 10878976 bytes for committing reserved memory.
# Possible reasons:
#   The system is out of physical RAM or swap space
#   In 32 bit mode, the process size limit was hit
# Possible solutions:
#   Reduce memory load on the system
#   Increase physical memory or swap space
#   Check if swap backing store is full
#   Use 64 bit Java on a 64 bit OS
#   Decrease Java heap size (-Xmx/-Xms)
#   Decrease number of Java threads
#   Decrease Java thread stack sizes (-Xss)
#   Set larger code cache with -XX:ReservedCodeCacheSize=
# This output file may be truncated or incomplete.
#
#  Out of Memory Error (os_linux.cpp:2827), pid=8425, tid=139816551626496
#
# JRE version:  (7.0_85-b01) (build )
# Java VM: OpenJDK 64-Bit Server VM (24.85-b03 mixed mode linux-amd64 compressed oops)
# Derivative: IcedTea 2.6.1
# Distribution: Ubuntu 14.04 LTS, package 7u85-2.6.1-5ubuntu0.14.04.1
# Failed to write core dump. Core dumps have been disabled. To enable core dumping, try "ulimit -c unlimited" before starting Java again
#

---------------  T H R E A D  ---------------

Current thread (0x00007f298c00a800):  JavaThread "Unknown thread" [_thread_in_vm, id=8439, stack(0x00007f2993c4b000,0x00007f2993e4c000)]

Stack: [0x00007f2993c4b000,0x00007f2993e4c000],  sp=0x00007f2993e4a3c0,  free space=2044k
Native frames: (J=compiled Java code, j=interpreted, Vv=VM code, C=native code)
V  [libjvm.so+0x953d45]  VMError::report_and_die()+0x175
V  [libjvm.so+0x48fd24]  report_vm_out_of_memory(char const*, int, unsigned long, char const*)+0x74
V  [libjvm.so+0x7cf91b]  os::pd_commit_memory(char*, unsigned long, unsigned long, bool)+0xeb
V  [libjvm.so+0x7ca3df]  os::commit_memory(char*, unsigned long, unsigned long, bool)+0x1f
V  [libjvm.so+0x950c34]  VirtualSpace::expand_by(unsigned long, bool)+0x1c4
V  [libjvm.so+0x567e8b]  CardGeneration::CardGeneration(ReservedSpace, unsigned long, int, GenRemSet*)+0x11b
V  [libjvm.so+0x46249d]  ConcurrentMarkSweepGeneration::ConcurrentMarkSweepGeneration(ReservedSpace, unsigned long, int, CardTableRS*, bool, FreeBlockDictionary<FreeChunk>::DictionaryChoice)+0x5d
V  [libjvm.so+0x568a99]  GenerationSpec::init(ReservedSpace, int, GenRemSet*)+0x239
V  [libjvm.so+0x55abf2]  GenCollectedHeap::initialize()+0x312
V  [libjvm.so+0x9247f7]  Universe::initialize_heap()+0xc7
V  [libjvm.so+0x924b27]  universe_init()+0x67
V  [libjvm.so+0x5a2d65]  init_globals()+0x55
V  [libjvm.so+0x90a50f]  Threads::create_vm(JavaVMInitArgs*, bool*)+0x35f
V  [libjvm.so+0x60e914]  JNI_CreateJavaVM+0x54
C  [libjli.so+0x2b48]


---------------  P R O C E S S  ---------------

Java Threads: ( => current thread )

Other Threads:

=>0x00007f298c00a800 (exited) JavaThread "Unknown thread" [_thread_in_vm, id=8439, stack(0x00007f2993c4b000,0x00007f2993e4c000)]

VM state:not at safepoint (not fully initialized)

VM Mutex/Monitor currently owned by a thread: None

GC Heap History (0 events):
No events

Deoptimization events (0 events):
No events

Internal exceptions (0 events):
No events

Events (0 events):
No events


Dynamic libraries:
00400000-00401000 r-xp 00000000 ca:01 43654                              /usr/lib/jvm/java-7-openjdk-amd64/jre/bin/java
00600000-00601000 r--p 00000000 ca:01 43654                              /usr/lib/jvm/java-7-openjdk-amd64/jre/bin/java
00601000-00602000 rw-p 00001000 ca:01 43654                              /usr/lib/jvm/java-7-openjdk-amd64/jre/bin/java
012aa000-012cb000 rw-p 00000000 00:00 0                                  [heap]
d6600000-d6b30000 rw-p 00000000 00:00 0 
d6b30000-db930000 rw-p 00000000 00:00 0 
dc390000-100000000 rw-p 00000000 00:00 0 
7f2989000000-7f2989270000 rwxp 00000000 00:00 0 
7f2989270000-7f298c025000 rw-p 00000000 00:00 0 
7f298c025000-7f2990000000 ---p 00000000 00:00 0 
7f299290f000-7f2992a73000 rw-p 00000000 00:00 0 
7f2992a73000-7f2992bbd000 rw-p 00000000 00:00 0 
7f2992bbd000-7f2992bbe000 rw-p 00000000 00:00 0 
7f2992bbe000-7f2992bc6000 r-xp 00000000 ca:01 43688                      /usr/lib/jvm/java-7-openjdk-amd64/jre/lib/amd64/libzip.so
7f2992bc6000-7f2992dc5000 ---p 00008000 ca:01 43688                      /usr/lib/jvm/java-7-openjdk-amd64/jre/lib/amd64/libzip.so
7f2992dc5000-7f2992dc6000 r--p 00007000 ca:01 43688                      /usr/lib/jvm/java-7-openjdk-amd64/jre/lib/amd64/libzip.so
7f2992dc6000-7f2992dc7000 rw-p 00008000 ca:01 43688                      /usr/lib/jvm/java-7-openjdk-amd64/jre/lib/amd64/libzip.so
7f2992dc7000-7f2992dd2000 r-xp 00000000 ca:01 396074                     /lib/x86_64-linux-gnu/libnss_files-2.19.so
7f2992dd2000-7f2992fd1000 ---p 0000b000 ca:01 396074                     /lib/x86_64-linux-gnu/libnss_files-2.19.so
7f2992fd1000-7f2992fd2000 r--p 0000a000 ca:01 396074                     /lib/x86_64-linux-gnu/libnss_files-2.19.so
7f2992fd2000-7f2992fd3000 rw-p 0000b000 ca:01 396074                     /lib/x86_64-linux-gnu/libnss_files-2.19.so
7f2992fd3000-7f2992fde000 r-xp 00000000 ca:01 396076                     /lib/x86_64-linux-gnu/libnss_nis-2.19.so
7f2992fde000-7f29931dd000 ---p 0000b000 ca:01 396076                     /lib/x86_64-linux-gnu/libnss_nis-2.19.so
7f29931dd000-7f29931de000 r--p 0000a000 ca:01 396076                     /lib/x86_64-linux-gnu/libnss_nis-2.19.so
7f29931de000-7f29931df000 rw-p 0000b000 ca:01 396076                     /lib/x86_64-linux-gnu/libnss_nis-2.19.so
7f29931df000-7f29931f6000 r-xp 00000000 ca:01 396071                     /lib/x86_64-linux-gnu/libnsl-2.19.so
7f29931f6000-7f29933f5000 ---p 00017000 ca:01 396071                     /lib/x86_64-linux-gnu/libnsl-2.19.so
7f29933f5000-7f29933f6000 r--p 00016000 ca:01 396071                     /lib/x86_64-linux-gnu/libnsl-2.19.so
7f29933f6000-7f29933f7000 rw-p 00017000 ca:01 396071                     /lib/x86_64-linux-gnu/libnsl-2.19.so
7f29933f7000-7f29933f9000 rw-p 00000000 00:00 0 
7f29933f9000-7f2993402000 r-xp 00000000 ca:01 396072                     /lib/x86_64-linux-gnu/libnss_compat-2.19.so
7f2993402000-7f2993601000 ---p 00009000 ca:01 396072                     /lib/x86_64-linux-gnu/libnss_compat-2.19.so
7f2993601000-7f2993602000 r--p 00008000 ca:01 396072                     /lib/x86_64-linux-gnu/libnss_compat-2.19.so
7f2993602000-7f2993603000 rw-p 00009000 ca:01 396072                     /lib/x86_64-linux-gnu/libnss_compat-2.19.so
7f2993603000-7f299362e000 r-xp 00000000 ca:01 43696                      /usr/lib/jvm/java-7-openjdk-amd64/jre/lib/amd64/libjava.so
7f299362e000-7f299382e000 ---p 0002b000 ca:01 43696                      /usr/lib/jvm/java-7-openjdk-amd64/jre/lib/amd64/libjava.so
7f299382e000-7f299382f000 r--p 0002b000 ca:01 43696                      /usr/lib/jvm/java-7-openjdk-amd64/jre/lib/amd64/libjava.so
7f299382f000-7f2993831000 rw-p 0002c000 ca:01 43696                      /usr/lib/jvm/java-7-openjdk-amd64/jre/lib/amd64/libjava.so
7f2993831000-7f2993841000 r-xp 00000000 ca:01 43712                      /usr/lib/jvm/java-7-openjdk-amd64/jre/lib/amd64/libverify.so
7f2993841000-7f2993a40000 ---p 00010000 ca:01 43712                      /usr/lib/jvm/java-7-openjdk-amd64/jre/lib/amd64/libverify.so
7f2993a40000-7f2993a42000 r--p 0000f000 ca:01 43712                      /usr/lib/jvm/java-7-openjdk-amd64/jre/lib/amd64/libverify.so
7f2993a42000-7f2993a43000 rw-p 00011000 ca:01 43712                      /usr/lib/jvm/java-7-openjdk-amd64/jre/lib/amd64/libverify.so
7f2993a43000-7f2993a4a000 r-xp 00000000 ca:01 396096                     /lib/x86_64-linux-gnu/librt-2.19.so
7f2993a4a000-7f2993c49000 ---p 00007000 ca:01 396096                     /lib/x86_64-linux-gnu/librt-2.19.so
7f2993c49000-7f2993c4a000 r--p 00006000 ca:01 396096                     /lib/x86_64-linux-gnu/librt-2.19.so
7f2993c4a000-7f2993c4b000 rw-p 00007000 ca:01 396096                     /lib/x86_64-linux-gnu/librt-2.19.so
7f2993c4b000-7f2993c4e000 ---p 00000000 00:00 0 
7f2993c4e000-7f2993e4c000 rw-p 00000000 00:00 0                          [stack:8439]
7f2993e4c000-7f2993e62000 r-xp 00000000 ca:01 396054                     /lib/x86_64-linux-gnu/libgcc_s.so.1
7f2993e62000-7f2994061000 ---p 00016000 ca:01 396054                     /lib/x86_64-linux-gnu/libgcc_s.so.1
7f2994061000-7f2994062000 rw-p 00015000 ca:01 396054                     /lib/x86_64-linux-gnu/libgcc_s.so.1
7f2994062000-7f2994167000 r-xp 00000000 ca:01 396063                     /lib/x86_64-linux-gnu/libm-2.19.so
7f2994167000-7f2994366000 ---p 00105000 ca:01 396063                     /lib/x86_64-linux-gnu/libm-2.19.so
7f2994366000-7f2994367000 r--p 00104000 ca:01 396063                     /lib/x86_64-linux-gnu/libm-2.19.so
7f2994367000-7f2994368000 rw-p 00105000 ca:01 396063                     /lib/x86_64-linux-gnu/libm-2.19.so
7f2994368000-7f299444e000 r-xp 00000000 ca:01 26656                      /usr/lib/x86_64-linux-gnu/libstdc++.so.6.0.19
7f299444e000-7f299464d000 ---p 000e6000 ca:01 26656                      /usr/lib/x86_64-linux-gnu/libstdc++.so.6.0.19
7f299464d000-7f2994655000 r--p 000e5000 ca:01 26656                      /usr/lib/x86_64-linux-gnu/libstdc++.so.6.0.19
7f2994655000-7f2994657000 rw-p 000ed000 ca:01 26656                      /usr/lib/x86_64-linux-gnu/libstdc++.so.6.0.19
7f2994657000-7f299466c000 rw-p 00000000 00:00 0 
7f299466c000-7f2995190000 r-xp 00000000 ca:01 43703                      /usr/lib/jvm/java-7-openjdk-amd64/jre/lib/amd64/server/libjvm.so
7f2995190000-7f299538f000 ---p 00b24000 ca:01 43703                      /usr/lib/jvm/java-7-openjdk-amd64/jre/lib/amd64/server/libjvm.so
7f299538f000-7f2995429000 r--p 00b23000 ca:01 43703                      /usr/lib/jvm/java-7-openjdk-amd64/jre/lib/amd64/server/libjvm.so
7f2995429000-7f299544c000 rw-p 00bbd000 ca:01 43703                      /usr/lib/jvm/java-7-openjdk-amd64/jre/lib/amd64/server/libjvm.so
7f299544c000-7f299547a000 rw-p 00000000 00:00 0 
7f299547a000-7f2995492000 r-xp 00000000 ca:01 396113                     /lib/x86_64-linux-gnu/libz.so.1.2.8
7f2995492000-7f2995691000 ---p 00018000 ca:01 396113                     /lib/x86_64-linux-gnu/libz.so.1.2.8
7f2995691000-7f2995692000 r--p 00017000 ca:01 396113                     /lib/x86_64-linux-gnu/libz.so.1.2.8
7f2995692000-7f2995693000 rw-p 00018000 ca:01 396113                     /lib/x86_64-linux-gnu/libz.so.1.2.8
7f2995693000-7f29956ac000 r-xp 00000000 ca:01 396093                     /lib/x86_64-linux-gnu/libpthread-2.19.so
7f29956ac000-7f29958ab000 ---p 00019000 ca:01 396093                     /lib/x86_64-linux-gnu/libpthread-2.19.so
7f29958ab000-7f29958ac000 r--p 00018000 ca:01 396093                     /lib/x86_64-linux-gnu/libpthread-2.19.so
7f29958ac000-7f29958ad000 rw-p 00019000 ca:01 396093                     /lib/x86_64-linux-gnu/libpthread-2.19.so
7f29958ad000-7f29958b1000 rw-p 00000000 00:00 0 
7f29958b1000-7f29958b4000 r-xp 00000000 ca:01 396049                     /lib/x86_64-linux-gnu/libdl-2.19.so
7f29958b4000-7f2995ab3000 ---p 00003000 ca:01 396049                     /lib/x86_64-linux-gnu/libdl-2.19.so
7f2995ab3000-7f2995ab4000 r--p 00002000 ca:01 396049                     /lib/x86_64-linux-gnu/libdl-2.19.so
7f2995ab4000-7f2995ab5000 rw-p 00003000 ca:01 396049                     /lib/x86_64-linux-gnu/libdl-2.19.so
7f2995ab5000-7f2995c70000 r-xp 00000000 ca:01 396040                     /lib/x86_64-linux-gnu/libc-2.19.so
7f2995c70000-7f2995e6f000 ---p 001bb000 ca:01 396040                     /lib/x86_64-linux-gnu/libc-2.19.so
7f2995e6f000-7f2995e73000 r--p 001ba000 ca:01 396040                     /lib/x86_64-linux-gnu/libc-2.19.so
7f2995e73000-7f2995e75000 rw-p 001be000 ca:01 396040                     /lib/x86_64-linux-gnu/libc-2.19.so
7f2995e75000-7f2995e7a000 rw-p 00000000 00:00 0 
7f2995e7a000-7f2995e87000 r-xp 00000000 ca:01 43714                      /usr/lib/jvm/java-7-openjdk-amd64/jre/lib/amd64/jli/libjli.so
7f2995e87000-7f2996086000 ---p 0000d000 ca:01 43714                      /usr/lib/jvm/java-7-openjdk-amd64/jre/lib/amd64/jli/libjli.so
7f2996086000-7f2996087000 r--p 0000c000 ca:01 43714                      /usr/lib/jvm/java-7-openjdk-amd64/jre/lib/amd64/jli/libjli.so
7f2996087000-7f2996088000 rw-p 0000d000 ca:01 43714                      /usr/lib/jvm/java-7-openjdk-amd64/jre/lib/amd64/jli/libjli.so
7f2996088000-7f29960ab000 r-xp 00000000 ca:01 396030                     /lib/x86_64-linux-gnu/ld-2.19.so
7f29960fd000-7f29961e2000 rw-p 00000000 00:00 0 
7f29961e2000-7f2996298000 rw-p 00000000 00:00 0 
7f2996298000-7f299629e000 rw-p 00000000 00:00 0 
7f299629e000-7f29962a6000 rw-s 00000000 ca:01 50627                      /tmp/hsperfdata_ubuntu/8425
7f29962a6000-7f29962a7000 rw-p 00000000 00:00 0 
7f29962a7000-7f29962a8000 r--p 00000000 00:00 0 
7f29962a8000-7f29962aa000 rw-p 00000000 00:00 0 
7f29962aa000-7f29962ab000 r--p 00022000 ca:01 396030                     /lib/x86_64-linux-gnu/ld-2.19.so
7f29962ab000-7f29962ac000 rw-p 00023000 ca:01 396030                     /lib/x86_64-linux-gnu/ld-2.19.so
7f29962ac000-7f29962ad000 rw-p 00000000 00:00 0 
7fff524ce000-7fff524ef000 rw-p 00000000 00:00 0                          [stack]
7fff525f3000-7fff525f5000 r-xp 00000000 00:00 0                          [vdso]
ffffffffff600000-ffffffffff601000 r-xp 00000000 00:00 0                  [vsyscall]

VM Arguments:
jvm_args: -XX:+UseParNewGC -XX:+UseConcMarkSweepGC -Djava.awt.headless=true -XX:CMSInitiatingOccupancyFraction=75 -XX:+UseCMSInitiatingOccupancyOnly -Xmx500m -Xss2048k -Djffi.boot.library.path=/var/www/logstash/logstash-2.0.0/vendor/jruby/lib/jni -XX:+UseParNewGC -XX:+UseConcMarkSweepGC -Djava.awt.headless=true -XX:CMSInitiatingOccupancyFraction=75 -XX:+UseCMSInitiatingOccupancyOnly -Xbootclasspath/a:/var/www/logstash/logstash-2.0.0/vendor/jruby/lib/jruby.jar -Djruby.home=/var/www/logstash/logstash-2.0.0/vendor/jruby -Djruby.lib=/var/www/logstash/logstash-2.0.0/vendor/jruby/lib -Djruby.script=jruby -Djruby.shell=/bin/sh 
java_command: org.jruby.Main --1.9 /var/www/logstash/logstash-2.0.0/lib/bootstrap/environment.rb logstash/runner.rb agent -f nginx-pipline.conf --configtest
Launcher Type: SUN_STANDARD

Environment Variables:
PATH=/usr/local/sbin:/usr/local/bin:/usr/sbin:/usr/bin:/sbin:/bin:/usr/games:/usr/local/games
SHELL=/bin/bash

Signal Handlers:
SIGSEGV: [libjvm.so+0x954820], sa_mask[0]=0x7ffbfeff, sa_flags=0x10000004
SIGBUS: [libjvm.so+0x954820], sa_mask[0]=0x7ffbfeff, sa_flags=0x10000004
SIGFPE: [libjvm.so+0x7cb150], sa_mask[0]=0x7ffbfeff, sa_flags=0x10000004
SIGPIPE: [libjvm.so+0x7cb150], sa_mask[0]=0x7ffbfeff, sa_flags=0x10000004
SIGXFSZ: [libjvm.so+0x7cb150], sa_mask[0]=0x7ffbfeff, sa_flags=0x10000004
SIGILL: [libjvm.so+0x7cb150], sa_mask[0]=0x7ffbfeff, sa_flags=0x10000004
SIGUSR1: SIG_DFL, sa_mask[0]=0x00000000, sa_flags=0x00000000
SIGUSR2: [libjvm.so+0x7caff0], sa_mask[0]=0x00000000, sa_flags=0x10000004
SIGHUP: SIG_DFL, sa_mask[0]=0x00000000, sa_flags=0x00000000
SIGINT: SIG_DFL, sa_mask[0]=0x00000000, sa_flags=0x00000000
SIGTERM: SIG_DFL, sa_mask[0]=0x00000000, sa_flags=0x00000000
SIGQUIT: SIG_DFL, sa_mask[0]=0x00000000, sa_flags=0x00000000
SIGTRAP: SIG_DFL, sa_mask[0]=0x00000000, sa_flags=0x00000000


---------------  S Y S T E M  ---------------

OS:Ubuntu 14.04 (trusty)
uname:Linux 3.13.0-48-generic #80-Ubuntu SMP Thu Mar 12 11:16:15 UTC 2015 x86_64
libc:glibc 2.19 NPTL 2.19 
rlimit: STACK 8192k, CORE 0k, NPROC 7862, NOFILE 4096, AS infinity
load average:0.05 0.04 0.05

/proc/meminfo:
MemTotal:        1016292 kB
MemFree:           61620 kB
Buffers:             240 kB
Cached:            21756 kB
SwapCached:            0 kB
Active:           881200 kB
Inactive:          20064 kB
Active(anon):     880348 kB
Inactive(anon):    11008 kB
Active(file):        852 kB
Inactive(file):     9056 kB
Unevictable:           0 kB
Mlocked:               0 kB
SwapTotal:             0 kB
SwapFree:              0 kB
Dirty:               104 kB
Writeback:             0 kB
AnonPages:        879340 kB
Mapped:            13312 kB
Shmem:             12016 kB
Slab:              27440 kB
SReclaimable:      14108 kB
SUnreclaim:        13332 kB
KernelStack:        1528 kB
PageTables:         7992 kB
NFS_Unstable:          0 kB
Bounce:                0 kB
WritebackTmp:          0 kB
CommitLimit:      508144 kB
Committed_AS:    1403620 kB
VmallocTotal:   34359738367 kB
VmallocUsed:        4600 kB
VmallocChunk:   34359720236 kB
HardwareCorrupted:     0 kB
AnonHugePages:    243712 kB
HugePages_Total:       0
HugePages_Free:        0
HugePages_Rsvd:        0
HugePages_Surp:        0
Hugepagesize:       2048 kB
DirectMap4k:       34816 kB
DirectMap2M:     1144832 kB


CPU:total 1 (1 cores per cpu, 1 threads per core) family 6 model 62 stepping 4, cmov, cx8, fxsr, mmx, sse, sse2, sse3, ssse3, sse4.1, sse4.2, popcnt, avx, aes, erms, tsc

/proc/cpuinfo:
processor	: 0
vendor_id	: GenuineIntel
cpu family	: 6
model		: 62
model name	: Intel(R) Xeon(R) CPU E5-2670 v2 @ 2.50GHz
stepping	: 4
microcode	: 0x428
cpu MHz		: 2500.082
cache size	: 25600 KB
physical id	: 0
siblings	: 1
core id		: 0
cpu cores	: 1
apicid		: 0
initial apicid	: 0
fpu		: yes
fpu_exception	: yes
cpuid level	: 13
wp		: yes
flags		: fpu vme de pse tsc msr pae mce cx8 apic sep mtrr pge mca cmov pat pse36 clflush mmx fxsr sse sse2 ht syscall nx rdtscp lm constant_tsc rep_good nopl xtopology eagerfpu pni pclmulqdq ssse3 cx16 pcid sse4_1 sse4_2 x2apic popcnt tsc_deadline_timer aes xsave avx f16c rdrand hypervisor lahf_lm xsaveopt fsgsbase smep erms
bogomips	: 5000.16
clflush size	: 64
cache_alignment	: 64
address sizes	: 46 bits physical, 48 bits virtual
power management:



Memory: 4k page, physical 1016292k(61620k free), swap 0k(0k free)

vm_info: OpenJDK 64-Bit Server VM (24.85-b03) for linux-amd64 JRE (1.7.0_85-b01), built on Oct 22 2015 06:46:50 by "buildd" with gcc 4.8.2

time: Fri Nov 20 00:47:45 2015
elapsed time: 0 seconds

